GET /teams 200 2.947 ms - 936
GET /teams 200 3.229 ms - 936
GET /teams/chennai-super-kings 200 0.878 ms - 1939
GET /teams 200 2.575 ms - 936
GET /teams/chennai-super- 404 0.997 ms - 17
GET /teams/chennai-super-kings 200 0.428 ms - 1939
GET /team 404 2.032 ms - 143
GET /teams 200 2.286 ms - 936
GET /teams/chennai-super- 404 0.862 ms - 17
GET /teams/chennai-super-kings 200 0.755 ms - 1939
GET /tea 404 1.635 ms - 142
GET /teams 200 2.958 ms - 936
GET /teams/chennai-super- 404 0.997 ms - 17
GET /teams/chennai-super-kings 200 0.487 ms - 1939
GET /tea 404 1.586 ms - 142
GET /tea 404 1.316 ms - 17
GET /teams 200 1.043 ms - 936
GET /teams/chennai-super- 404 0.429 ms - 17
GET /teams/chennai-super-kings 200 0.383 ms - 1939
GET /tea 404 1.528 ms - 17
GET /teams 200 1.589 ms - 936
GET /teams/chennai-super- 404 1.035 ms - 17
GET /teams/chennai-super-kings 200 0.600 ms - 1939
GET /tea 404 1.680 ms - 17
GET /teams 200 2.047 ms - 936
GET /teams/chennai-super- 404 1.140 ms - 17
GET /teams/chennai-super-kings 200 0.631 ms - 1939
GET /tea 404 1.702 ms - 17
GET /teams 200 1.393 ms - 936
GET /teams/chennai-super- 404 0.774 ms - 17
GET /teams/chennai-super-kings 200 0.557 ms - 1939
GET /tea 404 1.716 ms - 17
GET /teams 200 3.027 ms - 936
GET /teams/chennai-super- 404 0.693 ms - 17
GET /teams/chennai-super-kings 200 0.563 ms - 1939
GET /tea 404 1.408 ms - 17
GET /teams 200 1.542 ms - 936
GET /teams/ 200 0.577 ms - 936
GET /teams/chennai-super- 404 0.478 ms - 17
GET /teams/chennai-super-kings 200 0.670 ms - 1939
GET /tea 404 1.591 ms - 17
GET /teams 200 1.334 ms - 936
GET /team/ 404 0.242 ms - 17
GET /teams/chennai-super- 404 1.048 ms - 17
GET /teams/chennai-super-kings 200 0.591 ms - 1939
GET /tea 404 1.941 ms - 17
GET /teams 200 1.422 ms - 936
GET /teams/chennai-super- 404 0.752 ms - 17
GET /teams/chennai-super-kings 200 0.514 ms - 1939
GET /tea 404 1.621 ms - 17
GET /teams 200 1.212 ms - 936
GET /teams/chennai-super- 404 0.813 ms - 17
GET /teams/chennai-super-kings 200 0.520 ms - 1939
GET /tea 404 1.875 ms - 17
GET /teams 200 1.512 ms - 936
GET /teams/chennai-super- 404 1.014 ms - 17
GET /teams/chennai-super-kings 200 0.549 ms - 1939
