GET / 404 2.673 ms - 139
GET /teams 304 2.547 ms - -
GET /teams/chennai-super-kings 304 0.805 ms - -
GET /teams/chennai-super-kings 304 6.615 ms - -
GET /teams 304 0.789 ms - -
GET /tea 404 0.927 ms - 142
GET /teams 304 0.384 ms - -
GET /team 404 0.508 ms - 143
GET / 404 0.292 ms - 139
GET /teams 304 0.323 ms - -
GET /team 404 0.972 ms - 143
GET /team 404 0.968 ms - 143
GET /team 404 0.335 ms - 143
GET /team 404 2.155 ms - 17
GET /teams 404 0.343 ms - 17
GET /teams 404 1.416 ms - 17
GET /teams 404 0.310 ms - 17
GET /teams 404 0.824 ms - 17
GET /teams 404 0.707 ms - 17
GET /teams 404 0.770 ms - 17
GET /teams 404 0.675 ms - 17
GET /teams 404 0.799 ms - 17
GET /teams 404 0.607 ms - 17
GET /teams 200 2.891 ms - 936
GET /team 404 0.392 ms - 17
GET /tea 404 1.576 ms - 17
GET /teams 304 3.722 ms - -
GET /teams/chennai-super-kings 304 0.861 ms - -
GET /teams/chennai-super- 404 0.687 ms - 17
